/*C12*/SET SCHEMA PUBLIC
drop table if exists events CASCADE 
drop sequence hibernate_sequence if exists
create sequence hibernate_sequence start with 1 increment by 1
create table events (index integer not null, event_id varchar(255), host varchar(255), long_event_flag boolean not null, timestamp_difference bigint not null, type varchar(255), primary key (index))
/*C13*/SET SCHEMA PUBLIC
INSERT INTO EVENTS VALUES(4,'scsmbstgra','12345',FALSE,0,'APPLICATION_LOG')
ALTER SEQUENCE PUBLIC.HIBERNATE_SEQUENCE RESTART WITH 7
COMMIT
/*C17*/SET SCHEMA PUBLIC
INSERT INTO EVENTS VALUES(5,'scsmbstgrb',NULL,FALSE,3,NULL)
ALTER SEQUENCE PUBLIC.HIBERNATE_SEQUENCE RESTART WITH 7
COMMIT
/*C16*/SET SCHEMA PUBLIC
INSERT INTO EVENTS VALUES(2,'scsmbstgrc',NULL,TRUE,8,NULL)
ALTER SEQUENCE PUBLIC.HIBERNATE_SEQUENCE RESTART WITH 7
COMMIT
/*C12*/INSERT INTO EVENTS VALUES(6,'scsmbstgra','12345',TRUE,5,'APPLICATION_LOG')
ALTER SEQUENCE PUBLIC.HIBERNATE_SEQUENCE RESTART WITH 7
COMMIT
/*C14*/SET SCHEMA PUBLIC
INSERT INTO EVENTS VALUES(3,'scsmbstgrc',NULL,FALSE,0,NULL)
ALTER SEQUENCE PUBLIC.HIBERNATE_SEQUENCE RESTART WITH 7
COMMIT
/*C15*/SET SCHEMA PUBLIC
INSERT INTO EVENTS VALUES(1,'scsmbstgrb',NULL,FALSE,0,NULL)
ALTER SEQUENCE PUBLIC.HIBERNATE_SEQUENCE RESTART WITH 7
COMMIT
/*C12*/DISCONNECT
/*C13*/DISCONNECT
/*C14*/DISCONNECT
/*C15*/DISCONNECT
/*C16*/DISCONNECT
/*C17*/DISCONNECT
/*C18*/SET SCHEMA PUBLIC
DISCONNECT
/*C19*/SET SCHEMA PUBLIC
DISCONNECT
/*C20*/SET SCHEMA PUBLIC
DISCONNECT
/*C21*/SET SCHEMA PUBLIC
DISCONNECT
